# JRE version: OpenJDK Runtime Environment (21.0.5) (build 21.0.5+-12932927-b750.29)
# Java VM: OpenJDK 64-Bit Server VM (21.0.5+-12932927-b750.29, mixed mode, tiered, compressed oops, compressed class ptrs, g1 gc, windows-amd64)
GC Precious Log:
 CardTable entry size: 512
 Card Set container configuration: InlinePtr #cards 5 size 8 Array Of Cards #cards 12 size 40 Howl #buckets 4 coarsen threshold 1843 Howl Bitmap #cards 512 size 80 coarsen threshold 460 Card regions per heap region 1 cards per card region 2048
 CPUs: 8 total, 8 available
 Memory: 8083M
 Large Page Support: Disabled
 NUMA Support: Disabled
 Compressed Oops: Enabled (32-bit)
 Heap Region Size: 1M
 Heap Min Capacity: 8M
 Heap Initial Capacity: 128M
 Heap Max Capacity: 2G
 Pre-touch: Disabled
 Parallel Workers: 8
 Concurrent Workers: 2
 Concurrent Refinement Workers: 8
 Periodic GC: Disabled
Heap:
 garbage-first heap   total 132096K, used 92437K [0x0000000080000000, 0x0000000100000000)
  region size 1024K, 11 young (11264K), 5 survivors (5120K)
 Metaspace       used 91308K, committed 93184K, reserved 1179648K
  class space    used 12158K, committed 13120K, reserved 1048576K
GC Heap History (20 events):
Event: 167.241 GC heap before
{Heap before GC invocations=24 (full 0):
 garbage-first heap   total 94208K, used 81899K [0x0000000080000000, 0x0000000100000000)
  region size 1024K, 31 young (31744K), 4 survivors (4096K)
 Metaspace       used 71089K, committed 72768K, reserved 1114112K
  class space    used 9594K, committed 10432K, reserved 1048576K
}
Event: 167.246 GC heap after
{Heap after GC invocations=25 (full 0):
 garbage-first heap   total 94208K, used 57130K [0x0000000080000000, 0x0000000100000000)
  region size 1024K, 4 young (4096K), 4 survivors (4096K)
 Metaspace       used 71089K, committed 72768K, reserved 1114112K
  class space    used 9594K, committed 10432K, reserved 1048576K
}
Event: 169.637 GC heap before
{Heap before GC invocations=26 (full 0):
 garbage-first heap   total 96256K, used 91946K [0x0000000080000000, 0x0000000100000000)
  region size 1024K, 30 young (30720K), 4 survivors (4096K)
 Metaspace       used 72812K, committed 74496K, reserved 1114112K
  class space    used 9807K, committed 10624K, reserved 1048576K
}
Event: 169.646 GC heap after
{Heap after GC invocations=27 (full 0):
 garbage-first heap   total 104448K, used 72527K [0x0000000080000000, 0x0000000100000000)
  region size 1024K, 4 young (4096K), 4 survivors (4096K)
 Metaspace       used 72812K, committed 74496K, reserved 1114112K
  class space    used 9807K, committed 10624K, reserved 1048576K
}
Event: 172.910 GC heap before
{Heap before GC invocations=27 (full 0):
 garbage-first heap   total 104448K, used 91983K [0x0000000080000000, 0x0000000100000000)
  region size 1024K, 24 young (24576K), 4 survivors (4096K)
 Metaspace       used 75444K, committed 77184K, reserved 1179648K
  class space    used 10141K, committed 11008K, reserved 1048576K
}
Event: 172.914 GC heap after
{Heap after GC invocations=28 (full 0):
 garbage-first heap   total 104448K, used 73186K [0x0000000080000000, 0x0000000100000000)
  region size 1024K, 2 young (2048K), 2 survivors (2048K)
 Metaspace       used 75444K, committed 77184K, reserved 1179648K
  class space    used 10141K, committed 11008K, reserved 1048576K
}
Event: 174.039 GC heap before
{Heap before GC invocations=28 (full 0):
 garbage-first heap   total 104448K, used 93666K [0x0000000080000000, 0x0000000100000000)
  region size 1024K, 22 young (22528K), 2 survivors (2048K)
 Metaspace       used 77069K, committed 78784K, reserved 1179648K
  class space    used 10368K, committed 11264K, reserved 1048576K
}
Event: 174.043 GC heap after
{Heap after GC invocations=29 (full 0):
 garbage-first heap   total 104448K, used 74385K [0x0000000080000000, 0x0000000100000000)
  region size 1024K, 3 young (3072K), 3 survivors (3072K)
 Metaspace       used 77069K, committed 78784K, reserved 1179648K
  class space    used 10368K, committed 11264K, reserved 1048576K
}
Event: 175.806 GC heap before
{Heap before GC invocations=30 (full 0):
 garbage-first heap   total 126976K, used 92817K [0x0000000080000000, 0x0000000100000000)
  region size 1024K, 21 young (21504K), 3 survivors (3072K)
 Metaspace       used 78160K, committed 79872K, reserved 1179648K
  class space    used 10521K, committed 11392K, reserved 1048576K
}
Event: 175.810 GC heap after
{Heap after GC invocations=31 (full 0):
 garbage-first heap   total 126976K, used 74930K [0x0000000080000000, 0x0000000100000000)
  region size 1024K, 2 young (2048K), 2 survivors (2048K)
 Metaspace       used 78160K, committed 79872K, reserved 1179648K
  class space    used 10521K, committed 11392K, reserved 1048576K
}
Event: 178.292 GC heap before
{Heap before GC invocations=31 (full 0):
 garbage-first heap   total 126976K, used 112818K [0x0000000080000000, 0x0000000100000000)
  region size 1024K, 40 young (40960K), 2 survivors (2048K)
 Metaspace       used 81493K, committed 83392K, reserved 1179648K
  class space    used 11072K, committed 12032K, reserved 1048576K
}
Event: 178.299 GC heap after
{Heap after GC invocations=32 (full 0):
 garbage-first heap   total 126976K, used 75677K [0x0000000080000000, 0x0000000100000000)
  region size 1024K, 4 young (4096K), 4 survivors (4096K)
 Metaspace       used 81493K, committed 83392K, reserved 1179648K
  class space    used 11072K, committed 12032K, reserved 1048576K
}
Event: 179.529 GC heap before
{Heap before GC invocations=32 (full 0):
 garbage-first heap   total 126976K, used 95133K [0x0000000080000000, 0x0000000100000000)
  region size 1024K, 24 young (24576K), 4 survivors (4096K)
 Metaspace       used 82827K, committed 84736K, reserved 1179648K
  class space    used 11258K, committed 12224K, reserved 1048576K
}
Event: 179.536 GC heap after
{Heap after GC invocations=33 (full 0):
 garbage-first heap   total 126976K, used 76997K [0x0000000080000000, 0x0000000100000000)
  region size 1024K, 4 young (4096K), 4 survivors (4096K)
 Metaspace       used 82827K, committed 84736K, reserved 1179648K
  class space    used 11258K, committed 12224K, reserved 1048576K
}
Event: 183.903 GC heap before
{Heap before GC invocations=34 (full 0):
 garbage-first heap   total 132096K, used 116933K [0x0000000080000000, 0x0000000100000000)
  region size 1024K, 41 young (41984K), 4 survivors (4096K)
 Metaspace       used 85925K, committed 87808K, reserved 1179648K
  class space    used 11599K, committed 12544K, reserved 1048576K
}
Event: 183.909 GC heap after
{Heap after GC invocations=35 (full 0):
 garbage-first heap   total 132096K, used 81143K [0x0000000080000000, 0x0000000100000000)
  region size 1024K, 5 young (5120K), 5 survivors (5120K)
 Metaspace       used 85925K, committed 87808K, reserved 1179648K
  class space    used 11599K, committed 12544K, reserved 1048576K
}
Event: 186.835 GC heap before
{Heap before GC invocations=35 (full 0):
 garbage-first heap   total 132096K, used 119031K [0x0000000080000000, 0x0000000100000000)
  region size 1024K, 42 young (43008K), 5 survivors (5120K)
 Metaspace       used 89988K, committed 91904K, reserved 1179648K
  class space    used 12012K, committed 12992K, reserved 1048576K
}
Event: 186.847 GC heap after
{Heap after GC invocations=36 (full 0):
 garbage-first heap   total 132096K, used 81550K [0x0000000080000000, 0x0000000100000000)
  region size 1024K, 4 young (4096K), 4 survivors (4096K)
 Metaspace       used 89988K, committed 91904K, reserved 1179648K
  class space    used 12012K, committed 12992K, reserved 1048576K
}
Event: 187.691 GC heap before
{Heap before GC invocations=36 (full 0):
 garbage-first heap   total 132096K, used 87694K [0x0000000080000000, 0x0000000100000000)
  region size 1024K, 11 young (11264K), 4 survivors (4096K)
 Metaspace       used 91308K, committed 93184K, reserved 1179648K
  class space    used 12158K, committed 13120K, reserved 1048576K
}
Event: 187.698 GC heap after
{Heap after GC invocations=37 (full 0):
 garbage-first heap   total 132096K, used 83221K [0x0000000080000000, 0x0000000100000000)
  region size 1024K, 5 young (5120K), 5 survivors (5120K)
 Metaspace       used 91308K, committed 93184K, reserved 1179648K
  class space    used 12158K, committed 13120K, reserved 1048576K
}

