# JRE version: OpenJDK Runtime Environment (21.0.5) (build 21.0.5+-12932927-b750.29)
# Java VM: OpenJDK 64-Bit Server VM (21.0.5+-12932927-b750.29, mixed mode, tiered, compressed oops, compressed class ptrs, g1 gc, windows-amd64)
GC Precious Log:
 CardTable entry size: 512
 Card Set container configuration: InlinePtr #cards 5 size 8 Array Of Cards #cards 12 size 40 Howl #buckets 4 coarsen threshold 1843 Howl Bitmap #cards 512 size 80 coarsen threshold 460 Card regions per heap region 1 cards per card region 2048
 CPUs: 8 total, 8 available
 Memory: 8083M
 Large Page Support: Disabled
 NUMA Support: Disabled
 Compressed Oops: Enabled (32-bit)
 Heap Region Size: 1M
 Heap Min Capacity: 8M
 Heap Initial Capacity: 128M
 Heap Max Capacity: 2022M
 Pre-touch: Disabled
 Parallel Workers: 8
 Concurrent Workers: 2
 Concurrent Refinement Workers: 8
 Periodic GC: Disabled
Heap:
 garbage-first heap   total 312320K, used 205294K [0x0000000081a00000, 0x0000000100000000)
  region size 1024K, 8 young (8192K), 8 survivors (8192K)
 Metaspace       used 43421K, committed 43712K, reserved 1114112K
  class space    used 4569K, committed 4672K, reserved 1048576K
GC Heap History (20 events):
Event: 11.678 GC heap after
{Heap after GC invocations=32 (full 0):
 garbage-first heap   total 262144K, used 116187K [0x0000000081a00000, 0x0000000100000000)
  region size 1024K, 4 young (4096K), 4 survivors (4096K)
 Metaspace       used 42937K, committed 43264K, reserved 1114112K
  class space    used 4551K, committed 4672K, reserved 1048576K
}
Event: 19.431 GC heap before
{Heap before GC invocations=33 (full 0):
 garbage-first heap   total 262144K, used 234971K [0x0000000081a00000, 0x0000000100000000)
  region size 1024K, 117 young (119808K), 4 survivors (4096K)
 Metaspace       used 43255K, committed 43584K, reserved 1114112K
  class space    used 4556K, committed 4672K, reserved 1048576K
}
Event: 19.442 GC heap after
{Heap after GC invocations=34 (full 0):
 garbage-first heap   total 262144K, used 129340K [0x0000000081a00000, 0x0000000100000000)
  region size 1024K, 14 young (14336K), 14 survivors (14336K)
 Metaspace       used 43255K, committed 43584K, reserved 1114112K
  class space    used 4556K, committed 4672K, reserved 1048576K
}
Event: 22.334 GC heap before
{Heap before GC invocations=34 (full 0):
 garbage-first heap   total 262144K, used 235836K [0x0000000081a00000, 0x0000000100000000)
  region size 1024K, 113 young (115712K), 14 survivors (14336K)
 Metaspace       used 43256K, committed 43584K, reserved 1114112K
  class space    used 4556K, committed 4672K, reserved 1048576K
}
Event: 22.350 GC heap after
{Heap after GC invocations=35 (full 0):
 garbage-first heap   total 262144K, used 141804K [0x0000000081a00000, 0x0000000100000000)
  region size 1024K, 9 young (9216K), 9 survivors (9216K)
 Metaspace       used 43256K, committed 43584K, reserved 1114112K
  class space    used 4556K, committed 4672K, reserved 1048576K
}
Event: 22.611 GC heap before
{Heap before GC invocations=35 (full 0):
 garbage-first heap   total 262144K, used 237036K [0x0000000081a00000, 0x0000000100000000)
  region size 1024K, 102 young (104448K), 9 survivors (9216K)
 Metaspace       used 43258K, committed 43584K, reserved 1114112K
  class space    used 4556K, committed 4672K, reserved 1048576K
}
Event: 22.628 GC heap after
{Heap after GC invocations=36 (full 0):
 garbage-first heap   total 262144K, used 149455K [0x0000000081a00000, 0x0000000100000000)
  region size 1024K, 8 young (8192K), 8 survivors (8192K)
 Metaspace       used 43258K, committed 43584K, reserved 1114112K
  class space    used 4556K, committed 4672K, reserved 1048576K
}
Event: 23.866 GC heap before
{Heap before GC invocations=37 (full 0):
 garbage-first heap   total 262144K, used 244687K [0x0000000081a00000, 0x0000000100000000)
  region size 1024K, 96 young (98304K), 8 survivors (8192K)
 Metaspace       used 43348K, committed 43648K, reserved 1114112K
  class space    used 4565K, committed 4672K, reserved 1048576K
}
Event: 23.878 GC heap after
{Heap after GC invocations=38 (full 0):
 garbage-first heap   total 264192K, used 165330K [0x0000000081a00000, 0x0000000100000000)
  region size 1024K, 10 young (10240K), 10 survivors (10240K)
 Metaspace       used 43348K, committed 43648K, reserved 1114112K
  class space    used 4565K, committed 4672K, reserved 1048576K
}
Event: 24.411 GC heap before
{Heap before GC invocations=38 (full 0):
 garbage-first heap   total 264192K, used 243154K [0x0000000081a00000, 0x0000000100000000)
  region size 1024K, 82 young (83968K), 10 survivors (10240K)
 Metaspace       used 43356K, committed 43648K, reserved 1114112K
  class space    used 4565K, committed 4672K, reserved 1048576K
}
Event: 24.425 GC heap after
{Heap after GC invocations=39 (full 0):
 garbage-first heap   total 264192K, used 175007K [0x0000000081a00000, 0x0000000100000000)
  region size 1024K, 7 young (7168K), 7 survivors (7168K)
 Metaspace       used 43356K, committed 43648K, reserved 1114112K
  class space    used 4565K, committed 4672K, reserved 1048576K
}
Event: 24.716 GC heap before
{Heap before GC invocations=39 (full 0):
 garbage-first heap   total 264192K, used 241567K [0x0000000081a00000, 0x0000000100000000)
  region size 1024K, 72 young (73728K), 7 survivors (7168K)
 Metaspace       used 43364K, committed 43648K, reserved 1114112K
  class space    used 4565K, committed 4672K, reserved 1048576K
}
Event: 24.727 GC heap after
{Heap after GC invocations=40 (full 0):
 garbage-first heap   total 264192K, used 181604K [0x0000000081a00000, 0x0000000100000000)
  region size 1024K, 7 young (7168K), 7 survivors (7168K)
 Metaspace       used 43364K, committed 43648K, reserved 1114112K
  class space    used 4565K, committed 4672K, reserved 1048576K
}
Event: 24.889 GC heap before
{Heap before GC invocations=40 (full 0):
 garbage-first heap   total 264192K, used 242020K [0x0000000081a00000, 0x0000000100000000)
  region size 1024K, 66 young (67584K), 7 survivors (7168K)
 Metaspace       used 43374K, committed 43648K, reserved 1114112K
  class space    used 4565K, committed 4672K, reserved 1048576K
}
Event: 24.903 GC heap after
{Heap after GC invocations=41 (full 0):
 garbage-first heap   total 264192K, used 186284K [0x0000000081a00000, 0x0000000100000000)
  region size 1024K, 6 young (6144K), 6 survivors (6144K)
 Metaspace       used 43374K, committed 43648K, reserved 1114112K
  class space    used 4565K, committed 4672K, reserved 1048576K
}
Event: 25.092 GC heap before
{Heap before GC invocations=42 (full 0):
 garbage-first heap   total 312320K, used 240556K [0x0000000081a00000, 0x0000000100000000)
  region size 1024K, 59 young (60416K), 6 survivors (6144K)
 Metaspace       used 43379K, committed 43648K, reserved 1114112K
  class space    used 4565K, committed 4672K, reserved 1048576K
}
Event: 25.102 GC heap after
{Heap after GC invocations=43 (full 0):
 garbage-first heap   total 312320K, used 190460K [0x0000000081a00000, 0x0000000100000000)
  region size 1024K, 5 young (5120K), 5 survivors (5120K)
 Metaspace       used 43379K, committed 43648K, reserved 1114112K
  class space    used 4565K, committed 4672K, reserved 1048576K
}
Event: 25.239 GC heap before
{Heap before GC invocations=43 (full 0):
 garbage-first heap   total 312320K, used 288764K [0x0000000081a00000, 0x0000000100000000)
  region size 1024K, 101 young (103424K), 5 survivors (5120K)
 Metaspace       used 43418K, committed 43712K, reserved 1114112K
  class space    used 4569K, committed 4672K, reserved 1048576K
}
Event: 25.252 GC heap after
{Heap after GC invocations=44 (full 0):
 garbage-first heap   total 312320K, used 197244K [0x0000000081a00000, 0x0000000100000000)
  region size 1024K, 12 young (12288K), 12 survivors (12288K)
 Metaspace       used 43418K, committed 43712K, reserved 1114112K
  class space    used 4569K, committed 4672K, reserved 1048576K
}
Event: 25.589 GC heap before
{Heap before GC invocations=44 (full 0):
 garbage-first heap   total 312320K, used 283260K [0x0000000081a00000, 0x0000000100000000)
  region size 1024K, 96 young (98304K), 12 survivors (12288K)
 Metaspace       used 43421K, committed 43712K, reserved 1114112K
  class space    used 4569K, committed 4672K, reserved 1048576K
}

