# JRE version: OpenJDK Runtime Environment (21.0.5) (build 21.0.5+-12932927-b750.29)
# Java VM: OpenJDK 64-Bit Server VM (21.0.5+-12932927-b750.29, mixed mode, tiered, compressed oops, compressed class ptrs, g1 gc, windows-amd64)
GC Precious Log:
 CardTable entry size: 512
 Card Set container configuration: InlinePtr #cards 5 size 8 Array Of Cards #cards 12 size 40 Howl #buckets 4 coarsen threshold 1843 Howl Bitmap #cards 512 size 80 coarsen threshold 460 Card regions per heap region 1 cards per card region 2048
 CPUs: 8 total, 8 available
 Memory: 8083M
 Large Page Support: Disabled
 NUMA Support: Disabled
 Compressed Oops: Enabled (32-bit)
 Heap Region Size: 1M
 Heap Min Capacity: 8M
 Heap Initial Capacity: 128M
 Heap Max Capacity: 2022M
 Pre-touch: Disabled
 Parallel Workers: 8
 Concurrent Workers: 2
 Concurrent Refinement Workers: 8
 Periodic GC: Disabled
Heap:
 garbage-first heap   total 476160K, used 267869K [0x0000000081a00000, 0x0000000100000000)
  region size 1024K, 30 young (30720K), 25 survivors (25600K)
 Metaspace       used 45227K, committed 45504K, reserved 1114112K
  class space    used 4658K, committed 4800K, reserved 1048576K
GC Heap History (20 events):
Event: 14.593 GC heap before
{Heap before GC invocations=37 (full 0):
 garbage-first heap   total 210944K, used 192216K [0x0000000081a00000, 0x0000000100000000)
  region size 1024K, 57 young (58368K), 6 survivors (6144K)
 Metaspace       used 43259K, committed 43584K, reserved 1114112K
  class space    used 4556K, committed 4672K, reserved 1048576K
}
Event: 14.617 GC heap after
{Heap after GC invocations=38 (full 0):
 garbage-first heap   total 336896K, used 144942K [0x0000000081a00000, 0x0000000100000000)
  region size 1024K, 5 young (5120K), 5 survivors (5120K)
 Metaspace       used 43259K, committed 43584K, reserved 1114112K
  class space    used 4556K, committed 4672K, reserved 1048576K
}
Event: 15.807 GC heap before
{Heap before GC invocations=39 (full 0):
 garbage-first heap   total 336896K, used 308782K [0x0000000081a00000, 0x0000000100000000)
  region size 1024K, 160 young (163840K), 5 survivors (5120K)
 Metaspace       used 43352K, committed 43648K, reserved 1114112K
  class space    used 4565K, committed 4672K, reserved 1048576K
}
Event: 15.830 GC heap after
{Heap after GC invocations=40 (full 0):
 garbage-first heap   total 336896K, used 166182K [0x0000000081a00000, 0x0000000100000000)
  region size 1024K, 20 young (20480K), 20 survivors (20480K)
 Metaspace       used 43352K, committed 43648K, reserved 1114112K
  class space    used 4565K, committed 4672K, reserved 1048576K
}
Event: 16.495 GC heap before
{Heap before GC invocations=40 (full 0):
 garbage-first heap   total 336896K, used 301350K [0x0000000081a00000, 0x0000000100000000)
  region size 1024K, 148 young (151552K), 20 survivors (20480K)
 Metaspace       used 43374K, committed 43648K, reserved 1114112K
  class space    used 4565K, committed 4672K, reserved 1048576K
}
Event: 16.522 GC heap after
{Heap after GC invocations=41 (full 0):
 garbage-first heap   total 336896K, used 180733K [0x0000000081a00000, 0x0000000100000000)
  region size 1024K, 13 young (13312K), 13 survivors (13312K)
 Metaspace       used 43374K, committed 43648K, reserved 1114112K
  class space    used 4565K, committed 4672K, reserved 1048576K
}
Event: 16.791 GC heap before
{Heap before GC invocations=41 (full 0):
 garbage-first heap   total 336896K, used 302589K [0x0000000081a00000, 0x0000000100000000)
  region size 1024K, 132 young (135168K), 13 survivors (13312K)
 Metaspace       used 43383K, committed 43648K, reserved 1114112K
  class space    used 4565K, committed 4672K, reserved 1048576K
}
Event: 16.811 GC heap after
{Heap after GC invocations=42 (full 0):
 garbage-first heap   total 336896K, used 190575K [0x0000000081a00000, 0x0000000100000000)
  region size 1024K, 11 young (11264K), 11 survivors (11264K)
 Metaspace       used 43383K, committed 43648K, reserved 1114112K
  class space    used 4565K, committed 4672K, reserved 1048576K
}
Event: 17.092 GC heap before
{Heap before GC invocations=42 (full 0):
 garbage-first heap   total 336896K, used 307311K [0x0000000081a00000, 0x0000000100000000)
  region size 1024K, 125 young (128000K), 11 survivors (11264K)
 Metaspace       used 43422K, committed 43712K, reserved 1114112K
  class space    used 4569K, committed 4672K, reserved 1048576K
}
Event: 17.111 GC heap after
{Heap after GC invocations=43 (full 0):
 garbage-first heap   total 336896K, used 201301K [0x0000000081a00000, 0x0000000100000000)
  region size 1024K, 10 young (10240K), 10 survivors (10240K)
 Metaspace       used 43422K, committed 43712K, reserved 1114112K
  class space    used 4569K, committed 4672K, reserved 1048576K
}
Event: 17.420 GC heap before
{Heap before GC invocations=44 (full 0):
 garbage-first heap   total 336896K, used 308821K [0x0000000081a00000, 0x0000000100000000)
  region size 1024K, 115 young (117760K), 10 survivors (10240K)
 Metaspace       used 43430K, committed 43712K, reserved 1114112K
  class space    used 4569K, committed 4672K, reserved 1048576K
}
Event: 17.439 GC heap after
{Heap after GC invocations=45 (full 0):
 garbage-first heap   total 336896K, used 210701K [0x0000000081a00000, 0x0000000100000000)
  region size 1024K, 9 young (9216K), 9 survivors (9216K)
 Metaspace       used 43430K, committed 43712K, reserved 1114112K
  class space    used 4569K, committed 4672K, reserved 1048576K
}
Event: 17.651 GC heap before
{Heap before GC invocations=45 (full 0):
 garbage-first heap   total 336896K, used 310029K [0x0000000081a00000, 0x0000000100000000)
  region size 1024K, 106 young (108544K), 9 survivors (9216K)
 Metaspace       used 43435K, committed 43712K, reserved 1114112K
  class space    used 4569K, committed 4672K, reserved 1048576K
}
Event: 17.675 GC heap after
{Heap after GC invocations=46 (full 0):
 garbage-first heap   total 336896K, used 217170K [0x0000000081a00000, 0x0000000100000000)
  region size 1024K, 9 young (9216K), 9 survivors (9216K)
 Metaspace       used 43435K, committed 43712K, reserved 1114112K
  class space    used 4569K, committed 4672K, reserved 1048576K
}
Event: 17.837 GC heap before
{Heap before GC invocations=46 (full 0):
 garbage-first heap   total 336896K, used 309330K [0x0000000081a00000, 0x0000000100000000)
  region size 1024K, 99 young (101376K), 9 survivors (9216K)
 Metaspace       used 43438K, committed 43712K, reserved 1114112K
  class space    used 4569K, committed 4672K, reserved 1048576K
}
Event: 17.853 GC heap after
{Heap after GC invocations=47 (full 0):
 garbage-first heap   total 473088K, used 224703K [0x0000000081a00000, 0x0000000100000000)
  region size 1024K, 8 young (8192K), 8 survivors (8192K)
 Metaspace       used 43438K, committed 43712K, reserved 1114112K
  class space    used 4569K, committed 4672K, reserved 1048576K
}
Event: 18.848 GC heap before
{Heap before GC invocations=48 (full 0):
 garbage-first heap   total 473088K, used 427455K [0x0000000081a00000, 0x0000000100000000)
  region size 1024K, 206 young (210944K), 8 survivors (8192K)
 Metaspace       used 44621K, committed 44864K, reserved 1114112K
  class space    used 4643K, committed 4736K, reserved 1048576K
}
Event: 18.880 GC heap after
{Heap after GC invocations=49 (full 0):
 garbage-first heap   total 473088K, used 240190K [0x0000000081a00000, 0x0000000100000000)
  region size 1024K, 23 young (23552K), 23 survivors (23552K)
 Metaspace       used 44621K, committed 44864K, reserved 1114112K
  class space    used 4643K, committed 4736K, reserved 1048576K
}
Event: 21.109 GC heap before
{Heap before GC invocations=49 (full 0):
 garbage-first heap   total 473088K, used 424510K [0x0000000081a00000, 0x0000000100000000)
  region size 1024K, 202 young (206848K), 23 survivors (23552K)
 Metaspace       used 45226K, committed 45504K, reserved 1114112K
  class space    used 4658K, committed 4800K, reserved 1048576K
}
Event: 21.169 GC heap after
{Heap after GC invocations=50 (full 0):
 garbage-first heap   total 476160K, used 263773K [0x0000000081a00000, 0x0000000100000000)
  region size 1024K, 25 young (25600K), 25 survivors (25600K)
 Metaspace       used 45226K, committed 45504K, reserved 1114112K
  class space    used 4658K, committed 4800K, reserved 1048576K
}

