# JRE version: OpenJDK Runtime Environment (21.0.5) (build 21.0.5+-12932927-b750.29)
# Java VM: OpenJDK 64-Bit Server VM (21.0.5+-12932927-b750.29, mixed mode, tiered, compressed oops, compressed class ptrs, g1 gc, windows-amd64)
GC Precious Log:
 CardTable entry size: 512
 Card Set container configuration: InlinePtr #cards 5 size 8 Array Of Cards #cards 12 size 40 Howl #buckets 4 coarsen threshold 1843 Howl Bitmap #cards 512 size 80 coarsen threshold 460 Card regions per heap region 1 cards per card region 2048
 CPUs: 8 total, 8 available
 Memory: 8083M
 Large Page Support: Disabled
 NUMA Support: Disabled
 Compressed Oops: Enabled (32-bit)
 Heap Region Size: 1M
 Heap Min Capacity: 8M
 Heap Initial Capacity: 128M
 Heap Max Capacity: 2G
 Pre-touch: Disabled
 Parallel Workers: 8
 Concurrent Workers: 2
 Concurrent Refinement Workers: 8
 Periodic GC: Disabled
Heap:
 garbage-first heap   total 530432K, used 453120K [0x0000000080000000, 0x0000000100000000)
  region size 1024K, 196 young (200704K), 3 survivors (3072K)
 Metaspace       used 149812K, committed 152192K, reserved 1245184K
  class space    used 19256K, committed 20416K, reserved 1048576K
GC Heap History (20 events):
Event: 143.744 GC heap before
{Heap before GC invocations=81 (full 0):
 garbage-first heap   total 522240K, used 466560K [0x0000000080000000, 0x0000000100000000)
  region size 1024K, 285 young (291840K), 11 survivors (11264K)
 Metaspace       used 64517K, committed 65984K, reserved 1114112K
  class space    used 8637K, committed 9344K, reserved 1048576K
}
Event: 143.758 GC heap after
{Heap after GC invocations=82 (full 0):
 garbage-first heap   total 522240K, used 189093K [0x0000000080000000, 0x0000000100000000)
  region size 1024K, 14 young (14336K), 14 survivors (14336K)
 Metaspace       used 64517K, committed 65984K, reserved 1114112K
  class space    used 8637K, committed 9344K, reserved 1048576K
}
Event: 145.871 GC heap before
{Heap before GC invocations=83 (full 0):
 garbage-first heap   total 522240K, used 474789K [0x0000000080000000, 0x0000000100000000)
  region size 1024K, 293 young (300032K), 14 survivors (14336K)
 Metaspace       used 64517K, committed 65984K, reserved 1114112K
  class space    used 8637K, committed 9344K, reserved 1048576K
}
Event: 145.884 GC heap after
{Heap after GC invocations=84 (full 0):
 garbage-first heap   total 522240K, used 191540K [0x0000000080000000, 0x0000000100000000)
  region size 1024K, 17 young (17408K), 17 survivors (17408K)
 Metaspace       used 64517K, committed 65984K, reserved 1114112K
  class space    used 8637K, committed 9344K, reserved 1048576K
}
Event: 148.038 GC heap before
{Heap before GC invocations=84 (full 0):
 garbage-first heap   total 522240K, used 477236K [0x0000000080000000, 0x0000000100000000)
  region size 1024K, 296 young (303104K), 17 survivors (17408K)
 Metaspace       used 64518K, committed 65984K, reserved 1114112K
  class space    used 8637K, committed 9344K, reserved 1048576K
}
Event: 148.058 GC heap after
{Heap after GC invocations=85 (full 0):
 garbage-first heap   total 522240K, used 188781K [0x0000000080000000, 0x0000000100000000)
  region size 1024K, 18 young (18432K), 18 survivors (18432K)
 Metaspace       used 64518K, committed 65984K, reserved 1114112K
  class space    used 8637K, committed 9344K, reserved 1048576K
}
Event: 184.520 GC heap before
{Heap before GC invocations=85 (full 0):
 garbage-first heap   total 522240K, used 328045K [0x0000000080000000, 0x0000000100000000)
  region size 1024K, 156 young (159744K), 18 survivors (18432K)
 Metaspace       used 64544K, committed 65984K, reserved 1114112K
  class space    used 8637K, committed 9344K, reserved 1048576K
}
Event: 184.523 GC heap after
{Heap after GC invocations=86 (full 0):
 garbage-first heap   total 522240K, used 170050K [0x0000000080000000, 0x0000000100000000)
  region size 1024K, 6 young (6144K), 6 survivors (6144K)
 Metaspace       used 64544K, committed 65984K, reserved 1114112K
  class space    used 8637K, committed 9344K, reserved 1048576K
}
Event: 197.689 GC heap before
{Heap before GC invocations=87 (full 0):
 garbage-first heap   total 522240K, used 504898K [0x0000000080000000, 0x0000000100000000)
  region size 1024K, 306 young (313344K), 6 survivors (6144K)
 Metaspace       used 91771K, committed 93440K, reserved 1179648K
  class space    used 12279K, committed 13120K, reserved 1048576K
}
Event: 197.720 GC heap after
{Heap after GC invocations=88 (full 0):
 garbage-first heap   total 529408K, used 205830K [0x0000000080000000, 0x0000000100000000)
  region size 1024K, 22 young (22528K), 22 survivors (22528K)
 Metaspace       used 91771K, committed 93440K, reserved 1179648K
  class space    used 12279K, committed 13120K, reserved 1048576K
}
Event: 207.899 GC heap before
{Heap before GC invocations=88 (full 0):
 garbage-first heap   total 529408K, used 360454K [0x0000000080000000, 0x0000000100000000)
  region size 1024K, 173 young (177152K), 22 survivors (22528K)
 Metaspace       used 107908K, committed 109888K, reserved 1179648K
  class space    used 14109K, committed 15104K, reserved 1048576K
}
Event: 207.924 GC heap after
{Heap after GC invocations=89 (full 0):
 garbage-first heap   total 529408K, used 210176K [0x0000000080000000, 0x0000000100000000)
  region size 1024K, 10 young (10240K), 10 survivors (10240K)
 Metaspace       used 107908K, committed 109888K, reserved 1179648K
  class space    used 14109K, committed 15104K, reserved 1048576K
}
Event: 208.056 GC heap before
{Heap before GC invocations=89 (full 0):
 garbage-first heap   total 529408K, used 212224K [0x0000000080000000, 0x0000000100000000)
  region size 1024K, 13 young (13312K), 10 survivors (10240K)
 Metaspace       used 108204K, committed 110208K, reserved 1179648K
  class space    used 14149K, committed 15168K, reserved 1048576K
}
Event: 208.063 GC heap after
{Heap after GC invocations=90 (full 0):
 garbage-first heap   total 529408K, used 209909K [0x0000000080000000, 0x0000000100000000)
  region size 1024K, 10 young (10240K), 10 survivors (10240K)
 Metaspace       used 108204K, committed 110208K, reserved 1179648K
  class space    used 14149K, committed 15168K, reserved 1048576K
}
Event: 264.329 GC heap before
{Heap before GC invocations=91 (full 0):
 garbage-first heap   total 529408K, used 489461K [0x0000000080000000, 0x0000000100000000)
  region size 1024K, 284 young (290816K), 10 survivors (10240K)
 Metaspace       used 138567K, committed 140800K, reserved 1179648K
  class space    used 17779K, committed 18880K, reserved 1048576K
}
Event: 264.526 GC heap after
{Heap after GC invocations=92 (full 0):
 garbage-first heap   total 529408K, used 225762K [0x0000000080000000, 0x0000000100000000)
  region size 1024K, 26 young (26624K), 26 survivors (26624K)
 Metaspace       used 138567K, committed 140800K, reserved 1179648K
  class space    used 17779K, committed 18880K, reserved 1048576K
}
Event: 270.623 GC heap before
{Heap before GC invocations=92 (full 0):
 garbage-first heap   total 529408K, used 478690K [0x0000000080000000, 0x0000000100000000)
  region size 1024K, 268 young (274432K), 26 survivors (26624K)
 Metaspace       used 139250K, committed 141504K, reserved 1179648K
  class space    used 17833K, committed 18944K, reserved 1048576K
}
Event: 270.915 GC heap after
{Heap after GC invocations=93 (full 0):
 garbage-first heap   total 530432K, used 240889K [0x0000000080000000, 0x0000000100000000)
  region size 1024K, 34 young (34816K), 34 survivors (34816K)
 Metaspace       used 139250K, committed 141504K, reserved 1179648K
  class space    used 17833K, committed 18944K, reserved 1048576K
}
Event: 271.044 GC heap before
{Heap before GC invocations=93 (full 0):
 garbage-first heap   total 530432K, used 241913K [0x0000000080000000, 0x0000000100000000)
  region size 1024K, 36 young (36864K), 34 survivors (34816K)
 Metaspace       used 139270K, committed 141504K, reserved 1179648K
  class space    used 17833K, committed 18944K, reserved 1048576K
}
Event: 271.087 GC heap after
{Heap after GC invocations=94 (full 0):
 garbage-first heap   total 530432K, used 244224K [0x0000000080000000, 0x0000000100000000)
  region size 1024K, 3 young (3072K), 3 survivors (3072K)
 Metaspace       used 139270K, committed 141504K, reserved 1179648K
  class space    used 17833K, committed 18944K, reserved 1048576K
}

