# JRE version: Java(TM) SE Runtime Environment (23.0.1+11) (build 23.0.1+11-39)
# Java VM: Java HotSpot(TM) 64-Bit Server VM (23.0.1+11-39, mixed mode, sharing, tiered, compressed oops, compressed class ptrs, g1 gc, windows-amd64)
GC Precious Log:
 CardTable entry size: 512
 Card Set container configuration: InlinePtr #cards 5 size 8 Array Of Cards #cards 10 size 36 Howl #buckets 4 coarsen threshold 1843 Howl Bitmap #cards 512 size 80 coarsen threshold 460 Card regions per heap region 1 cards per card region 2048
 CPUs: 8 total, 8 available
 Memory: 8083M
 Large Page Support: Disabled
 NUMA Support: Disabled
 Compressed Oops: Enabled (32-bit)
 Heap Region Size: 1M
 Heap Min Capacity: 8M
 Heap Initial Capacity: 128M
 Heap Max Capacity: 2G
 Pre-touch: Disabled
 Parallel Workers: 8
 Concurrent Workers: 2
 Concurrent Refinement Workers: 8
 Periodic GC: Disabled
Heap:
 garbage-first heap   total reserved 2097152K, committed 184320K, used 109901K [0x0000000080000000, 0x0000000100000000)
  region size 1024K, 7 young (7168K), 7 survivors (7168K)
 Metaspace       used 111606K, committed 113856K, reserved 1179648K
  class space    used 14931K, committed 16000K, reserved 1048576K
GC Heap History (20 events):
Event: 102.019 GC heap after
{Heap after GC invocations=38 (full 0):
 garbage-first heap   total reserved 2097152K, committed 143360K, used 91002K [0x0000000080000000, 0x0000000100000000)
  region size 1024K, 6 young (6144K), 6 survivors (6144K)
 Metaspace       used 101811K, committed 103872K, reserved 1179648K
  class space    used 13597K, committed 14528K, reserved 1048576K
}
Event: 105.009 GC heap before
{Heap before GC invocations=38 (full 0):
 garbage-first heap   total reserved 2097152K, committed 143360K, used 129914K [0x0000000080000000, 0x0000000100000000)
  region size 1024K, 44 young (45056K), 6 survivors (6144K)
 Metaspace       used 106451K, committed 108608K, reserved 1179648K
  class space    used 14376K, committed 15424K, reserved 1048576K
}
Event: 105.020 GC heap after
{Heap after GC invocations=39 (full 0):
 garbage-first heap   total reserved 2097152K, committed 143360K, used 93865K [0x0000000080000000, 0x0000000100000000)
  region size 1024K, 3 young (3072K), 3 survivors (3072K)
 Metaspace       used 106451K, committed 108608K, reserved 1179648K
  class space    used 14376K, committed 15424K, reserved 1048576K
}
Event: 106.431 GC heap before
{Heap before GC invocations=40 (full 0):
 garbage-first heap   total reserved 2097152K, committed 157696K, used 131753K [0x0000000080000000, 0x0000000100000000)
  region size 1024K, 39 young (39936K), 3 survivors (3072K)
 Metaspace       used 107164K, committed 109440K, reserved 1179648K
  class space    used 14474K, committed 15552K, reserved 1048576K
}
Event: 106.442 GC heap after
{Heap after GC invocations=41 (full 0):
 garbage-first heap   total reserved 2097152K, committed 157696K, used 103260K [0x0000000080000000, 0x0000000100000000)
  region size 1024K, 5 young (5120K), 5 survivors (5120K)
 Metaspace       used 107164K, committed 109440K, reserved 1179648K
  class space    used 14474K, committed 15552K, reserved 1048576K
}
Event: 107.415 GC heap before
{Heap before GC invocations=41 (full 0):
 garbage-first heap   total reserved 2097152K, committed 157696K, used 141148K [0x0000000080000000, 0x0000000100000000)
  region size 1024K, 42 young (43008K), 5 survivors (5120K)
 Metaspace       used 107633K, committed 109824K, reserved 1179648K
  class space    used 14501K, committed 15552K, reserved 1048576K
}
Event: 107.430 GC heap after
{Heap after GC invocations=42 (full 0):
 garbage-first heap   total reserved 2097152K, committed 157696K, used 97238K [0x0000000080000000, 0x0000000100000000)
  region size 1024K, 4 young (4096K), 4 survivors (4096K)
 Metaspace       used 107633K, committed 109824K, reserved 1179648K
  class space    used 14501K, committed 15552K, reserved 1048576K
}
Event: 111.752 GC heap before
{Heap before GC invocations=42 (full 0):
 garbage-first heap   total reserved 2097152K, committed 157696K, used 141270K [0x0000000080000000, 0x0000000100000000)
  region size 1024K, 47 young (48128K), 4 survivors (4096K)
 Metaspace       used 110607K, committed 112832K, reserved 1179648K
  class space    used 14865K, committed 15872K, reserved 1048576K
}
Event: 111.772 GC heap after
{Heap after GC invocations=43 (full 0):
 garbage-first heap   total reserved 2097152K, committed 157696K, used 103746K [0x0000000080000000, 0x0000000100000000)
  region size 1024K, 6 young (6144K), 6 survivors (6144K)
 Metaspace       used 110607K, committed 112832K, reserved 1179648K
  class space    used 14865K, committed 15872K, reserved 1048576K
}
Event: 115.561 GC heap before
{Heap before GC invocations=44 (full 0):
 garbage-first heap   total reserved 2097152K, committed 174080K, used 140610K [0x0000000080000000, 0x0000000100000000)
  region size 1024K, 43 young (44032K), 6 survivors (6144K)
 Metaspace       used 111053K, committed 113280K, reserved 1179648K
  class space    used 14896K, committed 15936K, reserved 1048576K
}
Event: 115.574 GC heap after
{Heap after GC invocations=45 (full 0):
 garbage-first heap   total reserved 2097152K, committed 174080K, used 107375K [0x0000000080000000, 0x0000000100000000)
  region size 1024K, 4 young (4096K), 4 survivors (4096K)
 Metaspace       used 111053K, committed 113280K, reserved 1179648K
  class space    used 14896K, committed 15936K, reserved 1048576K
}
Event: 116.861 GC heap before
{Heap before GC invocations=45 (full 0):
 garbage-first heap   total reserved 2097152K, committed 174080K, used 155503K [0x0000000080000000, 0x0000000100000000)
  region size 1024K, 52 young (53248K), 4 survivors (4096K)
 Metaspace       used 111332K, committed 113472K, reserved 1179648K
  class space    used 14908K, committed 15936K, reserved 1048576K
}
Event: 116.886 GC heap after
{Heap after GC invocations=46 (full 0):
 garbage-first heap   total reserved 2097152K, committed 174080K, used 94938K [0x0000000080000000, 0x0000000100000000)
  region size 1024K, 5 young (5120K), 5 survivors (5120K)
 Metaspace       used 111332K, committed 113472K, reserved 1179648K
  class space    used 14908K, committed 15936K, reserved 1048576K
}
Event: 117.884 GC heap before
{Heap before GC invocations=46 (full 0):
 garbage-first heap   total reserved 2097152K, committed 174080K, used 154330K [0x0000000080000000, 0x0000000100000000)
  region size 1024K, 64 young (65536K), 5 survivors (5120K)
 Metaspace       used 111354K, committed 113536K, reserved 1179648K
  class space    used 14909K, committed 15936K, reserved 1048576K
}
Event: 117.894 GC heap after
{Heap after GC invocations=47 (full 0):
 garbage-first heap   total reserved 2097152K, committed 174080K, used 95892K [0x0000000080000000, 0x0000000100000000)
  region size 1024K, 5 young (5120K), 5 survivors (5120K)
 Metaspace       used 111354K, committed 113536K, reserved 1179648K
  class space    used 14909K, committed 15936K, reserved 1048576K
}
Event: 118.572 GC heap before
{Heap before GC invocations=47 (full 0):
 garbage-first heap   total reserved 2097152K, committed 174080K, used 113300K [0x0000000080000000, 0x0000000100000000)
  region size 1024K, 23 young (23552K), 5 survivors (5120K)
 Metaspace       used 111522K, committed 113792K, reserved 1179648K
  class space    used 14931K, committed 16000K, reserved 1048576K
}
Event: 118.578 GC heap after
{Heap after GC invocations=48 (full 0):
 garbage-first heap   total reserved 2097152K, committed 174080K, used 96828K [0x0000000080000000, 0x0000000100000000)
  region size 1024K, 5 young (5120K), 5 survivors (5120K)
 Metaspace       used 111522K, committed 113792K, reserved 1179648K
  class space    used 14931K, committed 16000K, reserved 1048576K
}
Event: 119.697 GC heap before
{Heap before GC invocations=49 (full 0):
 garbage-first heap   total reserved 2097152K, committed 174080K, used 162364K [0x0000000080000000, 0x0000000100000000)
  region size 1024K, 63 young (64512K), 5 survivors (5120K)
 Metaspace       used 111558K, committed 113792K, reserved 1179648K
  class space    used 14931K, committed 16000K, reserved 1048576K
}
Event: 119.715 GC heap after
{Heap after GC invocations=50 (full 0):
 garbage-first heap   total reserved 2097152K, committed 181248K, used 110451K [0x0000000080000000, 0x0000000100000000)
  region size 1024K, 8 young (8192K), 8 survivors (8192K)
 Metaspace       used 111558K, committed 113792K, reserved 1179648K
  class space    used 14931K, committed 16000K, reserved 1048576K
}
Event: 120.532 GC heap before
{Heap before GC invocations=50 (full 0):
 garbage-first heap   total reserved 2097152K, committed 181248K, used 164723K [0x0000000080000000, 0x0000000100000000)
  region size 1024K, 56 young (57344K), 8 survivors (8192K)
 Metaspace       used 111606K, committed 113856K, reserved 1179648K
  class space    used 14931K, committed 16000K, reserved 1048576K
}

